<?xml version="1.0" encoding="UTF-8"?>
<!-- Generated by org.testng.reporters.JUnitXMLReporter -->
<testsuite hostname="LAPTOP-B61QD0RI" ignored="0" name="Command line test" tests="3" failures="1" timestamp="2019-12-06T14:24:49 EST" time="42.299" errors="0">
  <testcase name="login" time="18.416" classname="pageObject.LoginTest"/>
  <testcase name="login" time="11.702" classname="pageObject.LoginTest"/>
  <testcase name="signup" time="3.806" classname="pageObject.LoginTest">
    <failure type="java.lang.AssertionError" message="did not expect to find [true] but found [false]">
      <![CDATA[java.lang.AssertionError: did not expect to find [true] but found [false]
at pageObject.LoginTest.signup(LoginTest.java:49)
at java.util.ArrayList.forEach(ArrayList.java:1257)
... Removed 40 stack frames]]>
    </failure>
  </testcase> <!-- signup -->
</testsuite> <!-- Command line test -->
